setting 'ivy.default.settings.dir' to 'jar:file:/home/hector/lift/docs/lift_basic/sbt-launcher.jar!/org/apache/ivy/core/settings'
setting 'ivy.basedir' to '/home/hector/lift/docs/lift_basic/.'
setting 'ivy.default.conf.dir' to 'jar:file:/home/hector/lift/docs/lift_basic/sbt-launcher.jar!/org/apache/ivy/core/settings'
impossible to define new type: class not found: org.apache.ivy.plugins.version.PatternVersionMatcher in [] nor Ivy classloader
impossible to define new type: class not found: org.apache.ivy.plugins.trigger.LogTrigger in [] nor Ivy classloader
impossible to define new type: class not found: org.apache.ivy.plugins.resolver.VsftpResolver in [] nor Ivy classloader
impossible to define new type: class not found: org.apache.ivy.plugins.conflict.RegexpConflictManager in [] nor Ivy classloader
impossible to define new type: class not found: org.apache.ivy.plugins.resolver.SshResolver in [] nor Ivy classloader
impossible to define new type: class not found: org.apache.ivy.plugins.resolver.VfsResolver in [] nor Ivy classloader
impossible to define new type: class not found: org.apache.ivy.plugins.signer.bouncycastle.OpenPGPSignatureGenerator in [] nor Ivy classloader
impossible to define new type: class not found: org.apache.ivy.plugins.resolver.SFTPResolver in [] nor Ivy classloader
impossible to define new type: class not found: org.apache.ivy.plugins.resolver.packager.PackagerResolver in [] nor Ivy classloader
impossible to define new type: class not found: org.apache.ivy.ant.AntCallTrigger in [] nor Ivy classloader
impossible to define new type: class not found: org.apache.ivy.plugins.resolver.IvyRepResolver in [] nor Ivy classloader
impossible to define new type: class not found: org.apache.ivy.ant.AntBuildTrigger in [] nor Ivy classloader
impossible to define glob matcher: org.apache.ivy.plugins.matcher.GlobPatternMatcher was not found.
setting 'java.runtime.name' to 'Java(TM) SE Runtime Environment'
setting 'sun.boot.library.path' to '/opt/java/jdk1.7.0_02/jre/lib/i386'
setting 'java.vm.version' to '22.0-b10'
setting 'java.vm.vendor' to 'Oracle Corporation'
setting 'java.vendor.url' to 'http://java.oracle.com/'
setting 'path.separator' to ':'
setting 'java.vm.name' to 'Java HotSpot(TM) Server VM'
setting 'file.encoding.pkg' to 'sun.io'
setting 'user.country' to 'MX'
setting 'sun.java.launcher' to 'SUN_STANDARD'
setting 'sun.os.patch.level' to 'unknown'
setting 'java.vm.specification.name' to 'Java Virtual Machine Specification'
setting 'user.dir' to '/home/hector/lift/docs/lift_basic'
setting 'java.runtime.version' to '1.7.0_02-b13'
setting 'java.awt.graphicsenv' to 'sun.awt.X11GraphicsEnvironment'
setting 'java.endorsed.dirs' to '/opt/java/jdk1.7.0_02/jre/lib/endorsed'
setting 'os.arch' to 'i386'
setting 'java.io.tmpdir' to '/tmp'
setting 'line.separator' to '
'
setting 'java.vm.specification.vendor' to 'Oracle Corporation'
setting 'os.name' to 'Linux'
setting 'sun.jnu.encoding' to 'UTF-8'
setting 'java.library.path' to '/usr/java/packages/lib/i386:/lib:/usr/lib'
setting 'java.specification.name' to 'Java Platform API Specification'
setting 'java.class.version' to '51.0'
setting 'sun.management.compiler' to 'HotSpot Tiered Compilers'
setting 'os.version' to '2.6.32-5-686'
setting 'user.home' to '/home/hector'
setting 'user.timezone' to 'America/Mexico_City'
setting 'java.awt.printerjob' to 'sun.print.PSPrinterJob'
setting 'file.encoding' to 'UTF-8'
setting 'java.specification.version' to '1.7'
setting 'java.class.path' to './sbt-launcher.jar'
setting 'user.name' to 'hector'
setting 'java.vm.specification.version' to '1.7'
setting 'sun.java.command' to './sbt-launcher.jar'
setting 'java.home' to '/opt/java/jdk1.7.0_02/jre'
setting 'sun.arch.data.model' to '32'
setting 'user.language' to 'es'
setting 'java.specification.vendor' to 'Oracle Corporation'
setting 'awt.toolkit' to 'sun.awt.X11.XToolkit'
setting 'java.vm.info' to 'mixed mode'
setting 'java.version' to '1.7.0_02'
setting 'java.ext.dirs' to '/opt/java/jdk1.7.0_02/jre/lib/ext:/usr/java/packages/lib/ext'
setting 'sun.boot.class.path' to '/opt/java/jdk1.7.0_02/jre/lib/resources.jar:/opt/java/jdk1.7.0_02/jre/lib/rt.jar:/opt/java/jdk1.7.0_02/jre/lib/sunrsasign.jar:/opt/java/jdk1.7.0_02/jre/lib/jsse.jar:/opt/java/jdk1.7.0_02/jre/lib/jce.jar:/opt/java/jdk1.7.0_02/jre/lib/charsets.jar:/opt/java/jdk1.7.0_02/jre/classes'
setting 'java.vendor' to 'Oracle Corporation'
setting 'file.separator' to '/'
setting 'java.vendor.url.bug' to 'http://bugreport.sun.com/bugreport/'
setting 'sun.io.unicode.encoding' to 'UnicodeLittle'
setting 'sun.cpu.endian' to 'little'
setting 'sun.cpu.isalist' to ''
setting 'ivy.default.ivy.user.dir' to '/home/hector/.ivy2'
setting 'ivy.home' to '/home/hector/.ivy2'
no default ivy user dir defined: set to /home/hector/.ivy2
setting 'ivy.cache.dir' to '/home/hector/.ivy2/cache'
no default cache defined: set to /home/hector/.ivy2/cache
setting 'ivy.basedir' to '/home/hector/lift/docs/lift_basic/project/boot'
setting 'basedir' to '/home/hector/lift/docs/lift_basic/project/boot'
setting 'scala' to '2.9.0-1'
:: resolving dependencies :: org.scala-tools.sbt#boot-scala;1.0
	confs: [default]
	validate = true
	refresh = false
resolving dependencies for configuration 'default'
== resolving dependencies for org.scala-tools.sbt#boot-scala;1.0 [default]
loadData of org.scala-tools.sbt#boot-scala;1.0 of rootConf=default
== resolving dependencies org.scala-tools.sbt#boot-scala;1.0->org.scala-lang#scala-compiler;2.9.0-1 [default->default]
loadData of org.scala-lang#scala-compiler;2.9.0-1 of rootConf=default
	using redefined-public to resolve org.scala-lang#scala-compiler;2.9.0-1
redefined-public: Checking cache for: dependency: org.scala-lang#scala-compiler;2.9.0-1 {default=[default, optional(default)]}
redefined-public: no namespace defined: using system
No entry is found in the ModuleDescriptorCache : /home/hector/.ivy2/cache/org.scala-lang/scala-compiler/ivy-2.9.0-1.xml
pre 1.3 ivy file: using exactOrRegexp as default matcher
	found ivy file in cache for org.scala-lang#scala-compiler;2.9.0-1 (resolved by Maven Central): /home/hector/.ivy2/cache/org.scala-lang/scala-compiler/ivy-2.9.0-1.xml
redefined-public: module revision found in cache: org.scala-lang#scala-compiler;2.9.0-1
redefined-public: no latest strategy defined: using default
	found org.scala-lang#scala-compiler;2.9.0-1 in Maven Central
== resolving dependencies org.scala-tools.sbt#boot-scala;1.0->org.scala-lang#scala-compiler;2.9.0-1 [default->runtime]
loadData of org.scala-lang#scala-compiler;2.9.0-1 of rootConf=default
== resolving dependencies org.scala-tools.sbt#boot-scala;1.0->org.scala-lang#scala-compiler;2.9.0-1 [default->compile]
loadData of org.scala-lang#scala-compiler;2.9.0-1 of rootConf=default
== resolving dependencies org.scala-lang#scala-compiler;2.9.0-1->org.scala-lang#scala-library;2.9.0-1 [compile->master(*)]
loadData of org.scala-lang#scala-library;2.9.0-1 of rootConf=default
	using redefined-public to resolve org.scala-lang#scala-library;2.9.0-1
redefined-public: Checking cache for: dependency: org.scala-lang#scala-library;2.9.0-1 {compile=[compile(*), master(*)], runtime=[runtime(*)]}
No entry is found in the ModuleDescriptorCache : /home/hector/.ivy2/cache/org.scala-lang/scala-library/ivy-2.9.0-1.xml
pre 1.3 ivy file: using exactOrRegexp as default matcher
	found ivy file in cache for org.scala-lang#scala-library;2.9.0-1 (resolved by Maven Central): /home/hector/.ivy2/cache/org.scala-lang/scala-library/ivy-2.9.0-1.xml
redefined-public: module revision found in cache: org.scala-lang#scala-library;2.9.0-1
	found org.scala-lang#scala-library;2.9.0-1 in Maven Central
== resolving dependencies org.scala-lang#scala-compiler;2.9.0-1->org.scala-lang#scala-library;2.9.0-1 [compile->compile(*)]
loadData of org.scala-lang#scala-library;2.9.0-1 of rootConf=default
== resolving dependencies org.scala-lang#scala-compiler;2.9.0-1->org.scala-lang#scala-library;2.9.0-1 [compile->default]
loadData of org.scala-lang#scala-library;2.9.0-1 of rootConf=default
== resolving dependencies org.scala-lang#scala-compiler;2.9.0-1->org.scala-lang#scala-library;2.9.0-1 [compile->runtime]
loadData of org.scala-lang#scala-library;2.9.0-1 of rootConf=default
== resolving dependencies org.scala-lang#scala-compiler;2.9.0-1->org.scala-lang#scala-library;2.9.0-1 [compile->compile]
loadData of org.scala-lang#scala-library;2.9.0-1 of rootConf=default
== resolving dependencies org.scala-lang#scala-compiler;2.9.0-1->org.scala-lang#scala-library;2.9.0-1 [compile->master]
loadData of org.scala-lang#scala-library;2.9.0-1 of rootConf=default
== resolving dependencies org.scala-lang#scala-compiler;2.9.0-1->org.scala-lang#scala-library;2.9.0-1 [runtime->runtime(*)]
loadData of org.scala-lang#scala-library;2.9.0-1 of rootConf=default
== resolving dependencies org.scala-lang#scala-compiler;2.9.0-1->org.scala-lang#scala-library;2.9.0-1 [runtime->compile]
loadData of org.scala-lang#scala-library;2.9.0-1 of rootConf=default
default is loaded and no conf to load.  Skip loading
== resolving dependencies org.scala-tools.sbt#boot-scala;1.0->org.scala-lang#scala-compiler;2.9.0-1 [default->master]
loadData of org.scala-lang#scala-compiler;2.9.0-1 of rootConf=default
== resolving dependencies org.scala-tools.sbt#boot-scala;1.0->org.scala-lang#scala-compiler;2.9.0-1 [default->optional(default)]
loadData of org.scala-lang#scala-compiler;2.9.0-1 of rootConf=default
== resolving dependencies org.scala-lang#scala-compiler;2.9.0-1->org.scala-lang#jline;2.9.0-1 [optional->master(*)]
loadData of org.scala-lang#jline;2.9.0-1 of rootConf=default
	using redefined-public to resolve org.scala-lang#jline;2.9.0-1
redefined-public: Checking cache for: dependency: org.scala-lang#jline;2.9.0-1 {optional=[compile(*), master(*)]}
No entry is found in the ModuleDescriptorCache : /home/hector/.ivy2/cache/org.scala-lang/jline/ivy-2.9.0-1.xml
post 1.3 ivy file: using exact as default matcher
	found ivy file in cache for org.scala-lang#jline;2.9.0-1 (resolved by Maven Central): /home/hector/.ivy2/cache/org.scala-lang/jline/ivy-2.9.0-1.xml
redefined-public: module revision found in cache: org.scala-lang#jline;2.9.0-1
	found org.scala-lang#jline;2.9.0-1 in Maven Central
== resolving dependencies org.scala-lang#scala-compiler;2.9.0-1->org.scala-lang#jline;2.9.0-1 [optional->compile(*)]
loadData of org.scala-lang#jline;2.9.0-1 of rootConf=default
== resolving dependencies org.scala-lang#jline;2.9.0-1->org.fusesource.jansi#jansi;1.4 [compile->master(*)]
loadData of org.fusesource.jansi#jansi;1.4 of rootConf=default
	using redefined-public to resolve org.fusesource.jansi#jansi;1.4
redefined-public: Checking cache for: dependency: org.fusesource.jansi#jansi;1.4 {compile=[compile(*), master(*)], runtime=[runtime(*)]}
No entry is found in the ModuleDescriptorCache : /home/hector/.ivy2/cache/org.fusesource.jansi/jansi/ivy-1.4.xml
post 1.3 ivy file: using exact as default matcher
	found ivy file in cache for org.fusesource.jansi#jansi;1.4 (resolved by Maven Central): /home/hector/.ivy2/cache/org.fusesource.jansi/jansi/ivy-1.4.xml
redefined-public: module revision found in cache: org.fusesource.jansi#jansi;1.4
	found org.fusesource.jansi#jansi;1.4 in Maven Central
== resolving dependencies org.scala-lang#jline;2.9.0-1->org.fusesource.jansi#jansi;1.4 [compile->compile(*)]
loadData of org.fusesource.jansi#jansi;1.4 of rootConf=default
== resolving dependencies org.scala-tools.sbt#boot-scala;1.0->org.scala-lang#scala-library;2.9.0-1 [default->default]
loadData of org.scala-lang#scala-library;2.9.0-1 of rootConf=default
default is loaded and no conf to load.  Skip loading
== resolving dependencies org.scala-tools.sbt#boot-scala;1.0->org.scala-lang#scala-library;2.9.0-1 [default->runtime]
loadData of org.scala-lang#scala-library;2.9.0-1 of rootConf=default
default is loaded and no conf to load.  Skip loading
== resolving dependencies org.scala-tools.sbt#boot-scala;1.0->org.scala-lang#scala-library;2.9.0-1 [default->compile]
loadData of org.scala-lang#scala-library;2.9.0-1 of rootConf=default
default is loaded and no conf to load.  Skip loading
== resolving dependencies org.scala-tools.sbt#boot-scala;1.0->org.scala-lang#scala-library;2.9.0-1 [default->master]
loadData of org.scala-lang#scala-library;2.9.0-1 of rootConf=default
default is loaded and no conf to load.  Skip loading
Nbr of module to sort : 4
Sort dependencies of : org.scala-lang#scala-compiler;2.9.0-1 / Number of dependencies = 2
Sort dependencies of : org.scala-lang#scala-library;2.9.0-1 / Number of dependencies = 0
Sort done for : org.scala-lang#scala-library;2.9.0-1
Sort dependencies of : org.scala-lang#jline;2.9.0-1 / Number of dependencies = 1
Sort dependencies of : org.fusesource.jansi#jansi;1.4 / Number of dependencies = 1
Sort done for : org.fusesource.jansi#jansi;1.4
Sort done for : org.scala-lang#jline;2.9.0-1
Sort done for : org.scala-lang#scala-compiler;2.9.0-1
Module descriptor is processed : org.scala-lang#scala-library;2.9.0-1
Module descriptor is processed : org.scala-lang#jline;2.9.0-1
Module descriptor is processed : org.fusesource.jansi#jansi;1.4
	resolved ivy file produced in /home/hector/.ivy2/cache/resolved-org.scala-tools.sbt-boot-scala-1.0.xml
:: downloading artifacts ::
	[NOT REQUIRED] org.scala-lang#scala-compiler;2.9.0-1!scala-compiler.jar
	[NOT REQUIRED] org.scala-lang#scala-library;2.9.0-1!scala-library.jar
	[NOT REQUIRED] org.scala-lang#jline;2.9.0-1!jline.jar
	[NOT REQUIRED] org.fusesource.jansi#jansi;1.4!jansi.jar
:: resolution report :: resolve 246ms :: artifacts dl 24ms
Nbr of module to sort : 4
Sort dependencies of : org.scala-lang#scala-compiler;2.9.0-1 / Number of dependencies = 2
Sort dependencies of : org.scala-lang#scala-library;2.9.0-1 / Number of dependencies = 0
Sort done for : org.scala-lang#scala-library;2.9.0-1
Sort dependencies of : org.scala-lang#jline;2.9.0-1 / Number of dependencies = 1
Sort dependencies of : org.fusesource.jansi#jansi;1.4 / Number of dependencies = 1
Sort done for : org.fusesource.jansi#jansi;1.4
Sort done for : org.scala-lang#jline;2.9.0-1
Sort done for : org.scala-lang#scala-compiler;2.9.0-1
Module descriptor is processed : org.scala-lang#scala-library;2.9.0-1
Module descriptor is processed : org.scala-lang#jline;2.9.0-1
Module descriptor is processed : org.fusesource.jansi#jansi;1.4
	report for org.scala-tools.sbt#boot-scala;1.0 default produced in /home/hector/.ivy2/cache/org.scala-tools.sbt-boot-scala-default.xml
	resolve done (246ms resolve - 24ms download)
:: retrieving :: org.scala-tools.sbt#boot-scala
	checkUpToDate=true
no explicit confs given for retrieve, using ivy file: /home/hector/.ivy2/cache/resolved-org.scala-tools.sbt-boot-scala-1.0.xml
using ivy parser to parse /home/hector/.ivy2/cache/resolved-org.scala-tools.sbt-boot-scala-1.0.xml
post 1.3 ivy file: using exact as default matcher
	confs: [default]
	retrieving /home/hector/.ivy2/cache/org.fusesource.jansi/jansi/jars/jansi-1.4.jar
		to /home/hector/lift/docs/lift_basic/project/boot/scala-2.9.0-1/lib/jansi.jar
	retrieving /home/hector/.ivy2/cache/org.scala-lang/jline/jars/jline-2.9.0-1.jar
		to /home/hector/lift/docs/lift_basic/project/boot/scala-2.9.0-1/lib/jline.jar
	retrieving /home/hector/.ivy2/cache/org.scala-lang/scala-library/jars/scala-library-2.9.0-1.jar
		to /home/hector/lift/docs/lift_basic/project/boot/scala-2.9.0-1/lib/scala-library.jar
	retrieving /home/hector/.ivy2/cache/org.scala-lang/scala-compiler/jars/scala-compiler-2.9.0-1.jar
		to /home/hector/lift/docs/lift_basic/project/boot/scala-2.9.0-1/lib/scala-compiler.jar
	4 artifacts copied, 0 already retrieved (20447kB/564ms)
	retrieve done (564ms)
